


 STREAM LISTING     PERIOD      1   STEP        1

 LAYER ROW COL. STREAM  RCH.  FLOW INTO     FLOW TO   FLOW OUT OF   OVRLND.     DIRECT     STREAM       STREAM     STREAM     STREAM   STREAMBED  STREAMBED
                SEG.NO.  NO.  STRM. RCH.    AQUIFER    STRM. RCH.    RUNOFF     PRECIP       ET          HEAD       DEPTH      WIDTH   CONDCTNC.   GRADIENT

   1    1   16     1     1    1.0000E+04 -6.9079E+01   1.0069E+04  0.000E+00  0.000E+00  0.000E+00  3.45128E+01  5.128E-01  5.000E+00  1.250E+02 -5.526E-01
   1    2   16     2     1    1.0069E+04 -6.9442E+01   1.0139E+04  0.000E+00  0.000E+00  0.000E+00  3.45021E+01  5.149E-01  5.000E+00  1.250E+02 -5.555E-01
   1    3   16     3     1    1.0139E+04 -6.9228E+01   1.0208E+04  0.000E+00  0.000E+00  0.000E+00  3.44914E+01  5.170E-01  5.000E+00  1.250E+02 -5.538E-01
   1    4   16     4     1    1.0208E+04 -6.8614E+01   1.0276E+04  0.000E+00  0.000E+00  0.000E+00  3.44806E+01  5.191E-01  5.000E+00  1.250E+02 -5.489E-01
   1    5   16     5     1    1.0276E+04 -6.7173E+01   1.0344E+04  0.000E+00  0.000E+00  0.000E+00  3.44699E+01  5.212E-01  5.000E+00  1.250E+02 -5.374E-01
   1    6   16     6     1    1.0344E+04 -6.4029E+01   1.0408E+04  0.000E+00  0.000E+00  0.000E+00  3.44590E+01  5.231E-01  5.000E+00  1.250E+02 -5.122E-01
   1    7   16     7     1    1.0408E+04 -5.9617E+01   1.0467E+04  0.000E+00  0.000E+00  0.000E+00  3.44481E+01  5.250E-01  5.000E+00  1.250E+02 -4.769E-01
   1    8   16     8     1    1.0467E+04 -5.3596E+01   1.0521E+04  0.000E+00  0.000E+00  0.000E+00  3.44370E+01  5.267E-01  5.000E+00  1.250E+02 -4.288E-01
   1    9   16     9     1    1.0521E+04 -4.5054E+01   1.0566E+04  0.000E+00  0.000E+00  0.000E+00  3.44256E+01  5.282E-01  5.000E+00  1.250E+02 -3.604E-01
   1   10   16    10     1    1.0566E+04 -3.4663E+01   1.0600E+04  0.000E+00  0.000E+00  0.000E+00  3.44140E+01  5.294E-01  5.000E+00  1.250E+02 -2.773E-01
   1   11   16    11     1    1.0600E+04 -3.6266E+01   1.0637E+04  0.000E+00  0.000E+00  0.000E+00  3.44023E+01  5.305E-01  5.000E+00  1.250E+02 -2.901E-01
   1   12   16    12     1    1.0637E+04 -3.7371E+01   1.0674E+04  0.000E+00  0.000E+00  0.000E+00  3.43905E+01  5.316E-01  5.000E+00  1.250E+02 -2.990E-01
   1   13   16    13     1    1.0674E+04 -4.0459E+01   1.0715E+04  0.000E+00  0.000E+00  0.000E+00  3.43789E+01  5.327E-01  5.000E+00  1.250E+02 -3.237E-01
   1   14   16    14     1    1.0715E+04 -4.3082E+01   1.0758E+04  0.000E+00  0.000E+00  0.000E+00  3.43673E+01  5.340E-01  5.000E+00  1.250E+02 -3.447E-01
   1   15   16    15     1    1.0758E+04 -4.4717E+01   1.0802E+04  0.000E+00  0.000E+00  0.000E+00  3.43558E+01  5.353E-01  5.000E+00  1.250E+02 -3.577E-01
   1   16   16    16     1    1.0802E+04 -4.5233E+01   1.0848E+04  0.000E+00  0.000E+00  0.000E+00  3.43443E+01  5.366E-01  5.000E+00  1.250E+02 -3.619E-01
   1   17   16    17     1    1.0848E+04 -4.4989E+01   1.0893E+04  0.000E+00  0.000E+00  0.000E+00  3.43328E+01  5.380E-01  5.000E+00  1.250E+02 -3.599E-01
   1   18   16    18     1    1.0893E+04 -4.3674E+01   1.0936E+04  0.000E+00  0.000E+00  0.000E+00  3.43213E+01  5.393E-01  5.000E+00  1.250E+02 -3.494E-01
   1   19   16    19     1    1.0936E+04 -4.0953E+01   1.0977E+04  0.000E+00  0.000E+00  0.000E+00  3.43098E+01  5.405E-01  5.000E+00  1.250E+02 -3.276E-01
   1   20   16    20     1    1.0977E+04 -3.6182E+01   1.1013E+04  0.000E+00  0.000E+00  0.000E+00  3.42981E+01  5.417E-01  5.000E+00  1.250E+02 -2.895E-01
   1   21   16    21     1    1.1013E+04 -3.0086E+01   1.1044E+04  0.000E+00  0.000E+00  0.000E+00  3.42863E+01  5.427E-01  5.000E+00  1.250E+02 -2.407E-01
   1   22   16    22     1    1.1044E+04 -3.5484E+01   1.1079E+04  0.000E+00  0.000E+00  0.000E+00  3.42744E+01  5.436E-01  5.000E+00  1.250E+02 -2.839E-01
   1   23   16    23     1    1.1079E+04 -3.9352E+01   1.1118E+04  0.000E+00  0.000E+00  0.000E+00  3.42627E+01  5.447E-01  5.000E+00  1.250E+02 -3.148E-01
   1   24   16    24     1    1.1118E+04 -4.1239E+01   1.1160E+04  0.000E+00  0.000E+00  0.000E+00  3.42510E+01  5.459E-01  5.000E+00  1.250E+02 -3.299E-01
   1   25   16    25     1    1.1160E+04 -4.1657E+01   1.1201E+04  0.000E+00  0.000E+00  0.000E+00  3.42394E+01  5.471E-01  5.000E+00  1.250E+02 -3.333E-01
   1   26   16    26     1    1.1201E+04 -4.1180E+01   1.1242E+04  0.000E+00  0.000E+00  0.000E+00  3.42278E+01  5.483E-01  5.000E+00  1.250E+02 -3.294E-01
   1   27   16    27     1    1.1242E+04 -4.0111E+01   1.1283E+04  0.000E+00  0.000E+00  0.000E+00  3.42162E+01  5.495E-01  5.000E+00  1.250E+02 -3.209E-01
   1   28   16    28     1    1.1283E+04 -3.8627E+01   1.1321E+04  0.000E+00  0.000E+00  0.000E+00  3.42045E+01  5.507E-01  5.000E+00  1.250E+02 -3.090E-01
   1   29   16    29     1    1.1321E+04 -3.6658E+01   1.1358E+04  0.000E+00  0.000E+00  0.000E+00  3.41928E+01  5.518E-01  5.000E+00  1.250E+02 -2.933E-01
   1   30   16    30     1    1.1358E+04 -3.4102E+01   1.1392E+04  0.000E+00  0.000E+00  0.000E+00  3.41810E+01  5.528E-01  5.000E+00  1.250E+02 -2.728E-01
   1   31   16    31     1    1.1392E+04 -3.0682E+01   1.1423E+04  0.000E+00  0.000E+00  0.000E+00  3.41692E+01  5.538E-01  5.000E+00  1.250E+02 -2.455E-01
   1   32   16    32     1    1.1423E+04 -2.6352E+01   1.1449E+04  0.000E+00  0.000E+00  0.000E+00  3.41572E+01  5.546E-01  5.000E+00  1.250E+02 -2.108E-01
   1   33   16    33     1    1.1449E+04 -2.0907E+01   1.1470E+04  0.000E+00  0.000E+00  0.000E+00  3.41450E+01  5.553E-01  5.000E+00  1.250E+02 -1.673E-01
   1   34   16    34     1    1.1470E+04 -1.4486E+01   1.1484E+04  0.000E+00  0.000E+00  0.000E+00  3.41327E+01  5.558E-01  5.000E+00  1.250E+02 -1.159E-01
   1   35   16    35     1    1.1484E+04 -7.3476E+00   1.1492E+04  0.000E+00  0.000E+00  0.000E+00  3.41202E+01  5.561E-01  5.000E+00  1.250E+02 -5.878E-02
   1   36   16    36     1    1.1492E+04  1.2000E-01   1.1492E+04  0.000E+00  0.000E+00  0.000E+00  3.41075E+01  5.562E-01  5.000E+00  1.250E+02  9.600E-04
   1   37   16    37     1    1.1492E+04  8.9855E+00   1.1483E+04  0.000E+00  0.000E+00  0.000E+00  3.40945E+01  5.561E-01  5.000E+00  1.250E+02  7.188E-02
   1   38   16    38     1    1.1483E+04  2.0152E+01   1.1462E+04  0.000E+00  0.000E+00  0.000E+00  3.40813E+01  5.557E-01  5.000E+00  1.250E+02  1.612E-01
   1   39   16    39     1    1.1462E+04  3.2162E+01   1.1430E+04  0.000E+00  0.000E+00  0.000E+00  3.40677E+01  5.549E-01  5.000E+00  1.250E+02  2.573E-01
   1   40   16    40     1    1.1430E+04  0.0000E+00   1.1430E+04  0.000E+00  0.000E+00  0.000E+00  3.40544E+01  5.544E-01  5.000E+00  0.000E+00  0.000E+00



 STREAM LISTING     PERIOD      2   STEP        1

 LAYER ROW COL. STREAM  RCH.  FLOW INTO     FLOW TO   FLOW OUT OF   OVRLND.     DIRECT     STREAM       STREAM     STREAM     STREAM   STREAMBED  STREAMBED
                SEG.NO.  NO.  STRM. RCH.    AQUIFER    STRM. RCH.    RUNOFF     PRECIP       ET          HEAD       DEPTH      WIDTH   CONDCTNC.   GRADIENT

   1    1   16     1     1    1.0000E+04 -5.4014E+01   1.0054E+04  0.000E+00  0.000E+00  0.000E+00  3.45125E+01  5.125E-01  5.000E+00  1.250E+02 -4.321E-01
   1    2   16     2     1    1.0054E+04 -5.4126E+01   1.0108E+04  0.000E+00  0.000E+00  0.000E+00  3.45014E+01  5.142E-01  5.000E+00  1.250E+02 -4.330E-01
   1    3   16     3     1    1.0108E+04 -5.3365E+01   1.0162E+04  0.000E+00  0.000E+00  0.000E+00  3.44902E+01  5.158E-01  5.000E+00  1.250E+02 -4.269E-01
   1    4   16     4     1    1.0162E+04 -5.1823E+01   1.0213E+04  0.000E+00  0.000E+00  0.000E+00  3.44790E+01  5.174E-01  5.000E+00  1.250E+02 -4.146E-01
   1    5   16     5     1    1.0213E+04 -4.9011E+01   1.0262E+04  0.000E+00  0.000E+00  0.000E+00  3.44677E+01  5.190E-01  5.000E+00  1.250E+02 -3.921E-01
   1    6   16     6     1    1.0262E+04 -4.4078E+01   1.0306E+04  0.000E+00  0.000E+00  0.000E+00  3.44563E+01  5.204E-01  5.000E+00  1.250E+02 -3.526E-01
   1    7   16     7     1    1.0306E+04 -3.7059E+01   1.0343E+04  0.000E+00  0.000E+00  0.000E+00  3.44447E+01  5.216E-01  5.000E+00  1.250E+02 -2.965E-01
   1    8   16     8     1    1.0343E+04 -2.6816E+01   1.0370E+04  0.000E+00  0.000E+00  0.000E+00  3.44328E+01  5.226E-01  5.000E+00  1.250E+02 -2.145E-01
   1    9   16     9     1    1.0370E+04 -1.1909E+01   1.0382E+04  0.000E+00  0.000E+00  0.000E+00  3.44206E+01  5.231E-01  5.000E+00  1.250E+02 -9.527E-02
   1   10   16    10     1    1.0382E+04  6.8713E+00   1.0375E+04  0.000E+00  0.000E+00  0.000E+00  3.44078E+01  5.232E-01  5.000E+00  1.250E+02  5.497E-02
   1   11   16    11     1    1.0375E+04  1.7198E+00   1.0374E+04  0.000E+00  0.000E+00  0.000E+00  3.43949E+01  5.231E-01  5.000E+00  1.250E+02  1.376E-02
   1   12   16    12     1    1.0374E+04 -2.1740E+00   1.0376E+04  0.000E+00  0.000E+00  0.000E+00  3.43821E+01  5.231E-01  5.000E+00  1.250E+02 -1.739E-02
   1   13   16    13     1    1.0376E+04 -9.5837E+00   1.0385E+04  0.000E+00  0.000E+00  0.000E+00  3.43694E+01  5.233E-01  5.000E+00  1.250E+02 -7.667E-02
   1   14   16    14     1    1.0385E+04 -1.6039E+01   1.0401E+04  0.000E+00  0.000E+00  0.000E+00  3.43570E+01  5.236E-01  5.000E+00  1.250E+02 -1.283E-01
   1   15   16    15     1    1.0401E+04 -2.0238E+01   1.0422E+04  0.000E+00  0.000E+00  0.000E+00  3.43447E+01  5.242E-01  5.000E+00  1.250E+02 -1.619E-01
   1   16   16    16     1    1.0422E+04 -2.2164E+01   1.0444E+04  0.000E+00  0.000E+00  0.000E+00  3.43325E+01  5.248E-01  5.000E+00  1.250E+02 -1.773E-01
   1   17   16    17     1    1.0444E+04 -2.2123E+01   1.0466E+04  0.000E+00  0.000E+00  0.000E+00  3.43204E+01  5.255E-01  5.000E+00  1.250E+02 -1.770E-01
   1   18   16    18     1    1.0466E+04 -1.9873E+01   1.0486E+04  0.000E+00  0.000E+00  0.000E+00  3.43082E+01  5.261E-01  5.000E+00  1.250E+02 -1.590E-01
   1   19   16    19     1    1.0486E+04 -1.4727E+01   1.0501E+04  0.000E+00  0.000E+00  0.000E+00  3.42959E+01  5.266E-01  5.000E+00  1.250E+02 -1.178E-01
   1   20   16    20     1    1.0501E+04 -5.5218E+00   1.0506E+04  0.000E+00  0.000E+00  0.000E+00  3.42833E+01  5.269E-01  5.000E+00  1.250E+02 -4.417E-02
   1   21   16    21     1    1.0506E+04  6.6366E+00   1.0499E+04  0.000E+00  0.000E+00  0.000E+00  3.42705E+01  5.269E-01  5.000E+00  1.250E+02  5.309E-02
   1   22   16    22     1    1.0499E+04 -4.2518E+00   1.0504E+04  0.000E+00  0.000E+00  0.000E+00  3.42576E+01  5.269E-01  5.000E+00  1.250E+02 -3.401E-02
   1   23   16    23     1    1.0504E+04 -1.2172E+01   1.0516E+04  0.000E+00  0.000E+00  0.000E+00  3.42451E+01  5.271E-01  5.000E+00  1.250E+02 -9.738E-02
   1   24   16    24     1    1.0516E+04 -1.6228E+01   1.0532E+04  0.000E+00  0.000E+00  0.000E+00  3.42327E+01  5.275E-01  5.000E+00  1.250E+02 -1.298E-01
   1   25   16    25     1    1.0532E+04 -1.7654E+01   1.0550E+04  0.000E+00  0.000E+00  0.000E+00  3.42203E+01  5.280E-01  5.000E+00  1.250E+02 -1.412E-01
   1   26   16    26     1    1.0550E+04 -1.7699E+01   1.0567E+04  0.000E+00  0.000E+00  0.000E+00  3.42080E+01  5.286E-01  5.000E+00  1.250E+02 -1.416E-01
   1   27   16    27     1    1.0567E+04 -1.7000E+01   1.0584E+04  0.000E+00  0.000E+00  0.000E+00  3.41957E+01  5.291E-01  5.000E+00  1.250E+02 -1.360E-01
   1   28   16    28     1    1.0584E+04 -1.5975E+01   1.0600E+04  0.000E+00  0.000E+00  0.000E+00  3.41834E+01  5.296E-01  5.000E+00  1.250E+02 -1.278E-01
   1   29   16    29     1    1.0600E+04 -1.4574E+01   1.0615E+04  0.000E+00  0.000E+00  0.000E+00  3.41711E+01  5.300E-01  5.000E+00  1.250E+02 -1.166E-01
   1   30   16    30     1    1.0615E+04 -1.2523E+01   1.0627E+04  0.000E+00  0.000E+00  0.000E+00  3.41586E+01  5.304E-01  5.000E+00  1.250E+02 -1.002E-01
   1   31   16    31     1    1.0627E+04 -9.5582E+00   1.0637E+04  0.000E+00  0.000E+00  0.000E+00  3.41461E+01  5.308E-01  5.000E+00  1.250E+02 -7.647E-02
   1   32   16    32     1    1.0637E+04 -5.4921E+00   1.0643E+04  0.000E+00  0.000E+00  0.000E+00  3.41335E+01  5.310E-01  5.000E+00  1.250E+02 -4.394E-02
   1   33   16    33     1    1.0643E+04 -1.6016E-01   1.0643E+04  0.000E+00  0.000E+00  0.000E+00  3.41208E+01  5.311E-01  5.000E+00  1.250E+02 -1.281E-03
   1   34   16    34     1    1.0643E+04  6.0524E+00   1.0637E+04  0.000E+00  0.000E+00  0.000E+00  3.41079E+01  5.310E-01  5.000E+00  1.250E+02  4.842E-02
   1   35   16    35     1    1.0637E+04  1.2305E+01   1.0624E+04  0.000E+00  0.000E+00  0.000E+00  3.40948E+01  5.307E-01  5.000E+00  1.250E+02  9.844E-02
   1   36   16    36     1    1.0624E+04  1.7461E+01   1.0607E+04  0.000E+00  0.000E+00  0.000E+00  3.40815E+01  5.302E-01  5.000E+00  1.250E+02  1.397E-01
   1   37   16    37     1    1.0607E+04  2.3298E+01   1.0584E+04  0.000E+00  0.000E+00  0.000E+00  3.40681E+01  5.296E-01  5.000E+00  1.250E+02  1.864E-01
   1   38   16    38     1    1.0584E+04  3.1288E+01   1.0552E+04  0.000E+00  0.000E+00  0.000E+00  3.40544E+01  5.288E-01  5.000E+00  1.250E+02  2.503E-01
   1   39   16    39     1    1.0552E+04  4.0562E+01   1.0512E+04  0.000E+00  0.000E+00  0.000E+00  3.40405E+01  5.277E-01  5.000E+00  1.250E+02  3.245E-01
   1   40   16    40     1    1.0512E+04  0.0000E+00   1.0512E+04  0.000E+00  0.000E+00  0.000E+00  3.40271E+01  5.271E-01  5.000E+00  0.000E+00  0.000E+00
