


 STREAM LISTING     PERIOD      1   STEP        1

 LAYER ROW COL. STREAM  RCH.  FLOW INTO     FLOW TO   FLOW OUT OF   OVRLND.     DIRECT     STREAM       STREAM     STREAM     STREAM   STREAMBED  STREAMBED
                SEG.NO.  NO.  STRM. RCH.    AQUIFER    STRM. RCH.    RUNOFF     PRECIP       ET          HEAD       DEPTH      WIDTH   CONDCTNC.   GRADIENT

   1    1   16     1     1    1.0000E+04 -1.1934E+02   1.0119E+04  0.000E+00  0.000E+00  0.000E+00  3.35135E+01  5.135E-01  5.000E+00  1.250E+02 -9.547E-01
   1    2   16     2     1    1.0119E+04 -1.1959E+02   1.0239E+04  0.000E+00  0.000E+00  0.000E+00  3.35044E+01  5.172E-01  5.000E+00  1.250E+02 -9.567E-01
   1    3   16     3     1    1.0239E+04 -1.1916E+02   1.0358E+04  0.000E+00  0.000E+00  0.000E+00  3.34952E+01  5.208E-01  5.000E+00  1.250E+02 -9.532E-01
   1    4   16     4     1    1.0358E+04 -1.1827E+02   1.0476E+04  0.000E+00  0.000E+00  0.000E+00  3.34859E+01  5.244E-01  5.000E+00  1.250E+02 -9.462E-01
   1    5   16     5     1    1.0476E+04 -1.1683E+02   1.0593E+04  0.000E+00  0.000E+00  0.000E+00  3.34767E+01  5.279E-01  5.000E+00  1.250E+02 -9.346E-01
   1    6   16     6     1    1.0593E+04 -1.1487E+02   1.0708E+04  0.000E+00  0.000E+00  0.000E+00  3.34673E+01  5.314E-01  5.000E+00  1.250E+02 -9.190E-01
   1    7   16     7     1    1.0708E+04 -1.1244E+02   1.0820E+04  0.000E+00  0.000E+00  0.000E+00  3.34579E+01  5.348E-01  5.000E+00  1.250E+02 -8.995E-01
   1    8   16     8     1    1.0820E+04 -1.0966E+02   1.0930E+04  0.000E+00  0.000E+00  0.000E+00  3.34484E+01  5.381E-01  5.000E+00  1.250E+02 -8.773E-01
   1    9   16     9     1    1.0930E+04 -1.0664E+02   1.1037E+04  0.000E+00  0.000E+00  0.000E+00  3.34388E+01  5.413E-01  5.000E+00  1.250E+02 -8.531E-01
   1   10   16    10     1    1.1037E+04 -1.0361E+02   1.1140E+04  0.000E+00  0.000E+00  0.000E+00  3.34290E+01  5.444E-01  5.000E+00  1.250E+02 -8.289E-01
   1   11   16    11     1    1.1140E+04 -1.0082E+02   1.1241E+04  0.000E+00  0.000E+00  0.000E+00  3.34192E+01  5.474E-01  5.000E+00  1.250E+02 -8.066E-01
   1   12   16    12     1    1.1241E+04 -9.8360E+01   1.1340E+04  0.000E+00  0.000E+00  0.000E+00  3.34093E+01  5.503E-01  5.000E+00  1.250E+02 -7.869E-01
   1   13   16    13     1    1.1340E+04 -9.6349E+01   1.1436E+04  0.000E+00  0.000E+00  0.000E+00  3.33993E+01  5.532E-01  5.000E+00  1.250E+02 -7.708E-01
   1   14   16    14     1    1.1436E+04 -9.4723E+01   1.1531E+04  0.000E+00  0.000E+00  0.000E+00  3.33893E+01  5.560E-01  5.000E+00  1.250E+02 -7.578E-01
   1   15   16    15     1    1.1531E+04 -9.3483E+01   1.1624E+04  0.000E+00  0.000E+00  0.000E+00  3.33792E+01  5.587E-01  5.000E+00  1.250E+02 -7.479E-01
   1   16   16    16     1    1.1624E+04 -9.2633E+01   1.1717E+04  0.000E+00  0.000E+00  0.000E+00  3.33691E+01  5.614E-01  5.000E+00  1.250E+02 -7.411E-01
   1   17   16    17     1    1.1717E+04 -9.2150E+01   1.1809E+04  0.000E+00  0.000E+00  0.000E+00  3.33589E+01  5.640E-01  5.000E+00  1.250E+02 -7.372E-01
   1   18   16    18     1    1.1809E+04 -9.1994E+01   1.1901E+04  0.000E+00  0.000E+00  0.000E+00  3.33487E+01  5.667E-01  5.000E+00  1.250E+02 -7.360E-01
   1   19   16    19     1    1.1901E+04 -9.2124E+01   1.1993E+04  0.000E+00  0.000E+00  0.000E+00  3.33386E+01  5.693E-01  5.000E+00  1.250E+02 -7.370E-01
   1   20   16    20     1    1.1993E+04 -9.2500E+01   1.2086E+04  0.000E+00  0.000E+00  0.000E+00  3.33284E+01  5.720E-01  5.000E+00  1.250E+02 -7.400E-01
   1   21   16    21     1    1.2086E+04 -9.3089E+01   1.2179E+04  0.000E+00  0.000E+00  0.000E+00  3.33182E+01  5.746E-01  5.000E+00  1.250E+02 -7.447E-01
   1   22   16    22     1    1.2179E+04 -9.3895E+01   1.2273E+04  0.000E+00  0.000E+00  0.000E+00  3.33080E+01  5.773E-01  5.000E+00  1.250E+02 -7.512E-01
   1   23   16    23     1    1.2273E+04 -9.4691E+01   1.2367E+04  0.000E+00  0.000E+00  0.000E+00  3.32979E+01  5.799E-01  5.000E+00  1.250E+02 -7.575E-01
   1   24   16    24     1    1.2367E+04 -9.5293E+01   1.2463E+04  0.000E+00  0.000E+00  0.000E+00  3.32877E+01  5.826E-01  5.000E+00  1.250E+02 -7.623E-01
   1   25   16    25     1    1.2463E+04 -9.5619E+01   1.2558E+04  0.000E+00  0.000E+00  0.000E+00  3.32776E+01  5.853E-01  5.000E+00  1.250E+02 -7.650E-01
   1   26   16    26     1    1.2558E+04 -9.5558E+01   1.2654E+04  0.000E+00  0.000E+00  0.000E+00  3.32674E+01  5.880E-01  5.000E+00  1.250E+02 -7.645E-01
   1   27   16    27     1    1.2654E+04 -9.5041E+01   1.2749E+04  0.000E+00  0.000E+00  0.000E+00  3.32573E+01  5.906E-01  5.000E+00  1.250E+02 -7.603E-01
   1   28   16    28     1    1.2749E+04 -9.4046E+01   1.2843E+04  0.000E+00  0.000E+00  0.000E+00  3.32471E+01  5.933E-01  5.000E+00  1.250E+02 -7.524E-01
   1   29   16    29     1    1.2843E+04 -9.2520E+01   1.2935E+04  0.000E+00  0.000E+00  0.000E+00  3.32369E+01  5.958E-01  5.000E+00  1.250E+02 -7.402E-01
   1   30   16    30     1    1.2935E+04 -9.0440E+01   1.3026E+04  0.000E+00  0.000E+00  0.000E+00  3.32266E+01  5.984E-01  5.000E+00  1.250E+02 -7.235E-01
   1   31   16    31     1    1.3026E+04 -8.7723E+01   1.3113E+04  0.000E+00  0.000E+00  0.000E+00  3.32162E+01  6.008E-01  5.000E+00  1.250E+02 -7.018E-01
   1   32   16    32     1    1.3113E+04 -8.4294E+01   1.3198E+04  0.000E+00  0.000E+00  0.000E+00  3.32058E+01  6.032E-01  5.000E+00  1.250E+02 -6.744E-01
   1   33   16    33     1    1.3198E+04 -8.0063E+01   1.3278E+04  0.000E+00  0.000E+00  0.000E+00  3.31952E+01  6.055E-01  5.000E+00  1.250E+02 -6.405E-01
   1   34   16    34     1    1.3278E+04 -7.4871E+01   1.3353E+04  0.000E+00  0.000E+00  0.000E+00  3.31845E+01  6.076E-01  5.000E+00  1.250E+02 -5.990E-01
   1   35   16    35     1    1.3353E+04 -6.8532E+01   1.3421E+04  0.000E+00  0.000E+00  0.000E+00  3.31736E+01  6.095E-01  5.000E+00  1.250E+02 -5.483E-01
   1   36   16    36     1    1.3421E+04 -6.0803E+01   1.3482E+04  0.000E+00  0.000E+00  0.000E+00  3.31626E+01  6.113E-01  5.000E+00  1.250E+02 -4.864E-01
   1   37   16    37     1    1.3482E+04 -5.1342E+01   1.3533E+04  0.000E+00  0.000E+00  0.000E+00  3.31513E+01  6.128E-01  5.000E+00  1.250E+02 -4.107E-01
   1   38   16    38     1    1.3533E+04 -3.9675E+01   1.3573E+04  0.000E+00  0.000E+00  0.000E+00  3.31397E+01  6.141E-01  5.000E+00  1.250E+02 -3.174E-01
   1   39   16    39     1    1.3573E+04 -2.7085E+01   1.3600E+04  0.000E+00  0.000E+00  0.000E+00  3.31278E+01  6.150E-01  5.000E+00  1.250E+02 -2.167E-01
   1   40   16    40     1    1.3600E+04  0.0000E+00   1.3600E+04  0.000E+00  0.000E+00  0.000E+00  3.31153E+01  6.153E-01  5.000E+00  0.000E+00  0.000E+00
