


 STREAM LISTING     PERIOD      1   STEP        1

 LAYER ROW COL. STREAM  RCH.  FLOW INTO     FLOW TO   FLOW OUT OF   OVRLND.     DIRECT     STREAM       STREAM     STREAM     STREAM   STREAMBED  STREAMBED
                SEG.NO.  NO.  STRM. RCH.    AQUIFER    STRM. RCH.    RUNOFF     PRECIP       ET          HEAD       DEPTH      WIDTH   CONDCTNC.   GRADIENT

   1    1   16     1     1    1.0000E+04 -5.2750E+01   1.0053E+04  0.000E+00  0.000E+00  0.000E+00  3.45125E+01  5.125E-01  5.000E+00  1.250E+02 -4.220E-01
   1    2   16     2     1    1.0053E+04 -4.9467E+01   1.0102E+04  0.000E+00  0.000E+00  0.000E+00  3.45013E+01  5.141E-01  5.000E+00  1.250E+02 -3.957E-01
   1    3   16     3     1    1.0102E+04 -4.6106E+01   1.0148E+04  0.000E+00  0.000E+00  0.000E+00  3.44899E+01  5.155E-01  5.000E+00  1.250E+02 -3.689E-01
   1    4   16     4     1    1.0148E+04 -4.2527E+01   1.0191E+04  0.000E+00  0.000E+00  0.000E+00  3.44784E+01  5.169E-01  5.000E+00  1.250E+02 -3.402E-01
   1    5   16     5     1    1.0191E+04 -3.8623E+01   1.0229E+04  0.000E+00  0.000E+00  0.000E+00  3.44668E+01  5.181E-01  5.000E+00  1.250E+02 -3.090E-01
   1    6   16     6     1    1.0229E+04 -3.4292E+01   1.0264E+04  0.000E+00  0.000E+00  0.000E+00  3.44551E+01  5.192E-01  5.000E+00  1.250E+02 -2.743E-01
   1    7   16     7     1    1.0264E+04 -2.9377E+01   1.0293E+04  0.000E+00  0.000E+00  0.000E+00  3.44433E+01  5.202E-01  5.000E+00  1.250E+02 -2.350E-01
   1    8   16     8     1    1.0293E+04 -2.3674E+01   1.0317E+04  0.000E+00  0.000E+00  0.000E+00  3.44313E+01  5.210E-01  5.000E+00  1.250E+02 -1.894E-01
   1    9   16     9     1    1.0317E+04 -1.7010E+01   1.0334E+04  0.000E+00  0.000E+00  0.000E+00  3.44191E+01  5.216E-01  5.000E+00  1.250E+02 -1.361E-01
   1   10   16    10     1    1.0334E+04 -9.9945E+00   1.0344E+04  0.000E+00  0.000E+00  0.000E+00  3.44067E+01  5.220E-01  5.000E+00  1.250E+02 -7.996E-02
   1   11   16    11     1    1.0344E+04 -9.1755E+00   1.0353E+04  0.000E+00  0.000E+00  0.000E+00  3.43941E+01  5.223E-01  5.000E+00  1.250E+02 -7.340E-02
   1   12   16    12     1    1.0353E+04 -8.7621E+00   1.0362E+04  0.000E+00  0.000E+00  0.000E+00  3.43816E+01  5.226E-01  5.000E+00  1.250E+02 -7.010E-02
   1   13   16    13     1    1.0362E+04 -9.6212E+00   1.0371E+04  0.000E+00  0.000E+00  0.000E+00  3.43690E+01  5.229E-01  5.000E+00  1.250E+02 -7.697E-02
   1   14   16    14     1    1.0371E+04 -1.0428E+01   1.0382E+04  0.000E+00  0.000E+00  0.000E+00  3.43565E+01  5.232E-01  5.000E+00  1.250E+02 -8.342E-02
   1   15   16    15     1    1.0382E+04 -1.0689E+01   1.0392E+04  0.000E+00  0.000E+00  0.000E+00  3.43440E+01  5.235E-01  5.000E+00  1.250E+02 -8.551E-02
   1   16   16    16     1    1.0392E+04 -1.0310E+01   1.0403E+04  0.000E+00  0.000E+00  0.000E+00  3.43315E+01  5.238E-01  5.000E+00  1.250E+02 -8.248E-02
   1   17   16    17     1    1.0403E+04 -9.2807E+00   1.0412E+04  0.000E+00  0.000E+00  0.000E+00  3.43190E+01  5.241E-01  5.000E+00  1.250E+02 -7.425E-02
   1   18   16    18     1    1.0412E+04 -7.5596E+00   1.0420E+04  0.000E+00  0.000E+00  0.000E+00  3.43064E+01  5.244E-01  5.000E+00  1.250E+02 -6.048E-02
   1   19   16    19     1    1.0420E+04 -5.0342E+00   1.0425E+04  0.000E+00  0.000E+00  0.000E+00  3.42938E+01  5.246E-01  5.000E+00  1.250E+02 -4.027E-02
   1   20   16    20     1    1.0425E+04 -1.5834E+00   1.0426E+04  0.000E+00  0.000E+00  0.000E+00  3.42811E+01  5.246E-01  5.000E+00  1.250E+02 -1.267E-02
   1   21   16    21     1    1.0426E+04  2.1928E+00   1.0424E+04  0.000E+00  0.000E+00  0.000E+00  3.42682E+01  5.246E-01  5.000E+00  1.250E+02  1.754E-02
   1   22   16    22     1    1.0424E+04  1.6847E-01   1.0424E+04  0.000E+00  0.000E+00  0.000E+00  3.42554E+01  5.246E-01  5.000E+00  1.250E+02  1.348E-03
   1   23   16    23     1    1.0424E+04 -1.5278E+00   1.0425E+04  0.000E+00  0.000E+00  0.000E+00  3.42426E+01  5.246E-01  5.000E+00  1.250E+02 -1.222E-02
   1   24   16    24     1    1.0425E+04 -2.3577E+00   1.0428E+04  0.000E+00  0.000E+00  0.000E+00  3.42298E+01  5.247E-01  5.000E+00  1.250E+02 -1.886E-02
   1   25   16    25     1    1.0428E+04 -2.5378E+00   1.0430E+04  0.000E+00  0.000E+00  0.000E+00  3.42171E+01  5.248E-01  5.000E+00  1.250E+02 -2.030E-02
   1   26   16    26     1    1.0430E+04 -2.3118E+00   1.0433E+04  0.000E+00  0.000E+00  0.000E+00  3.42043E+01  5.248E-01  5.000E+00  1.250E+02 -1.849E-02
   1   27   16    27     1    1.0433E+04 -1.8690E+00   1.0435E+04  0.000E+00  0.000E+00  0.000E+00  3.41916E+01  5.249E-01  5.000E+00  1.250E+02 -1.495E-02
   1   28   16    28     1    1.0435E+04 -1.3194E+00   1.0436E+04  0.000E+00  0.000E+00  0.000E+00  3.41788E+01  5.249E-01  5.000E+00  1.250E+02 -1.055E-02
   1   29   16    29     1    1.0436E+04 -6.5956E-01   1.0436E+04  0.000E+00  0.000E+00  0.000E+00  3.41660E+01  5.250E-01  5.000E+00  1.250E+02 -5.276E-03
   1   30   16    30     1    1.0436E+04  1.6596E-01   1.0436E+04  0.000E+00  0.000E+00  0.000E+00  3.41532E+01  5.250E-01  5.000E+00  1.250E+02  1.328E-03
   1   31   16    31     1    1.0436E+04  1.2142E+00   1.0435E+04  0.000E+00  0.000E+00  0.000E+00  3.41403E+01  5.250E-01  5.000E+00  1.250E+02  9.713E-03
   1   32   16    32     1    1.0435E+04  2.5178E+00   1.0433E+04  0.000E+00  0.000E+00  0.000E+00  3.41275E+01  5.249E-01  5.000E+00  1.250E+02  2.014E-02
   1   33   16    33     1    1.0433E+04  4.0534E+00   1.0429E+04  0.000E+00  0.000E+00  0.000E+00  3.41145E+01  5.248E-01  5.000E+00  1.250E+02  3.243E-02
   1   34   16    34     1    1.0429E+04  5.6951E+00   1.0423E+04  0.000E+00  0.000E+00  0.000E+00  3.41016E+01  5.246E-01  5.000E+00  1.250E+02  4.556E-02
   1   35   16    35     1    1.0423E+04  7.1597E+00   1.0416E+04  0.000E+00  0.000E+00  0.000E+00  3.40886E+01  5.245E-01  5.000E+00  1.250E+02  5.728E-02
   1   36   16    36     1    1.0416E+04  8.1164E+00   1.0408E+04  0.000E+00  0.000E+00  0.000E+00  3.40755E+01  5.242E-01  5.000E+00  1.250E+02  6.493E-02
   1   37   16    37     1    1.0408E+04  8.9257E+00   1.0399E+04  0.000E+00  0.000E+00  0.000E+00  3.40624E+01  5.240E-01  5.000E+00  1.250E+02  7.141E-02
   1   38   16    38     1    1.0399E+04  9.8594E+00   1.0389E+04  0.000E+00  0.000E+00  0.000E+00  3.40493E+01  5.237E-01  5.000E+00  1.250E+02  7.888E-02
   1   39   16    39     1    1.0389E+04  1.0669E+01   1.0378E+04  0.000E+00  0.000E+00  0.000E+00  3.40362E+01  5.234E-01  5.000E+00  1.250E+02  8.535E-02
   1   40   16    40     1    1.0378E+04  0.0000E+00   1.0378E+04  0.000E+00  0.000E+00  0.000E+00  3.40232E+01  5.232E-01  5.000E+00  0.000E+00  0.000E+00



 STREAM LISTING     PERIOD      2   STEP        1

 LAYER ROW COL. STREAM  RCH.  FLOW INTO     FLOW TO   FLOW OUT OF   OVRLND.     DIRECT     STREAM       STREAM     STREAM     STREAM   STREAMBED  STREAMBED
                SEG.NO.  NO.  STRM. RCH.    AQUIFER    STRM. RCH.    RUNOFF     PRECIP       ET          HEAD       DEPTH      WIDTH   CONDCTNC.   GRADIENT

   1    1   16     1     1    1.0000E+04 -5.1346E+01   1.0051E+04  0.000E+00  0.000E+00  0.000E+00  3.45125E+01  5.125E-01  5.000E+00  1.250E+02 -4.108E-01
   1    2   16     2     1    1.0051E+04 -4.8033E+01   1.0099E+04  0.000E+00  0.000E+00  0.000E+00  3.45012E+01  5.140E-01  5.000E+00  1.250E+02 -3.843E-01
   1    3   16     3     1    1.0099E+04 -4.4740E+01   1.0144E+04  0.000E+00  0.000E+00  0.000E+00  3.44898E+01  5.154E-01  5.000E+00  1.250E+02 -3.579E-01
   1    4   16     4     1    1.0144E+04 -4.1333E+01   1.0185E+04  0.000E+00  0.000E+00  0.000E+00  3.44783E+01  5.167E-01  5.000E+00  1.250E+02 -3.307E-01
   1    5   16     5     1    1.0185E+04 -3.7719E+01   1.0223E+04  0.000E+00  0.000E+00  0.000E+00  3.44667E+01  5.180E-01  5.000E+00  1.250E+02 -3.017E-01
   1    6   16     6     1    1.0223E+04 -3.3806E+01   1.0257E+04  0.000E+00  0.000E+00  0.000E+00  3.44549E+01  5.190E-01  5.000E+00  1.250E+02 -2.705E-01
   1    7   16     7     1    1.0257E+04 -2.9463E+01   1.0286E+04  0.000E+00  0.000E+00  0.000E+00  3.44431E+01  5.200E-01  5.000E+00  1.250E+02 -2.357E-01
   1    8   16     8     1    1.0286E+04 -2.4519E+01   1.0311E+04  0.000E+00  0.000E+00  0.000E+00  3.44311E+01  5.208E-01  5.000E+00  1.250E+02 -1.961E-01
   1    9   16     9     1    1.0311E+04 -1.8833E+01   1.0330E+04  0.000E+00  0.000E+00  0.000E+00  3.44189E+01  5.215E-01  5.000E+00  1.250E+02 -1.507E-01
   1   10   16    10     1    1.0330E+04 -1.2887E+01   1.0343E+04  0.000E+00  0.000E+00  0.000E+00  3.44066E+01  5.220E-01  5.000E+00  1.250E+02 -1.031E-01
   1   11   16    11     1    1.0343E+04 -1.1919E+01   1.0355E+04  0.000E+00  0.000E+00  0.000E+00  3.43941E+01  5.223E-01  5.000E+00  1.250E+02 -9.535E-02
   1   12   16    12     1    1.0355E+04 -1.1295E+01   1.0366E+04  0.000E+00  0.000E+00  0.000E+00  3.43817E+01  5.227E-01  5.000E+00  1.250E+02 -9.036E-02
   1   13   16    13     1    1.0366E+04 -1.1707E+01   1.0378E+04  0.000E+00  0.000E+00  0.000E+00  3.43692E+01  5.230E-01  5.000E+00  1.250E+02 -9.366E-02
   1   14   16    14     1    1.0378E+04 -1.2094E+01   1.0390E+04  0.000E+00  0.000E+00  0.000E+00  3.43567E+01  5.234E-01  5.000E+00  1.250E+02 -9.675E-02
   1   15   16    15     1    1.0390E+04 -1.2057E+01   1.0402E+04  0.000E+00  0.000E+00  0.000E+00  3.43443E+01  5.238E-01  5.000E+00  1.250E+02 -9.646E-02
   1   16   16    16     1    1.0402E+04 -1.1520E+01   1.0413E+04  0.000E+00  0.000E+00  0.000E+00  3.43318E+01  5.241E-01  5.000E+00  1.250E+02 -9.216E-02
   1   17   16    17     1    1.0413E+04 -1.0471E+01   1.0424E+04  0.000E+00  0.000E+00  0.000E+00  3.43193E+01  5.244E-01  5.000E+00  1.250E+02 -8.377E-02
   1   18   16    18     1    1.0424E+04 -8.8782E+00   1.0433E+04  0.000E+00  0.000E+00  0.000E+00  3.43068E+01  5.247E-01  5.000E+00  1.250E+02 -7.103E-02
   1   19   16    19     1    1.0433E+04 -6.6518E+00   1.0439E+04  0.000E+00  0.000E+00  0.000E+00  3.42942E+01  5.250E-01  5.000E+00  1.250E+02 -5.321E-02
   1   20   16    20     1    1.0439E+04 -3.6947E+00   1.0443E+04  0.000E+00  0.000E+00  0.000E+00  3.42815E+01  5.251E-01  5.000E+00  1.250E+02 -2.956E-02
   1   21   16    21     1    1.0443E+04 -4.8657E-01   1.0443E+04  0.000E+00  0.000E+00  0.000E+00  3.42688E+01  5.252E-01  5.000E+00  1.250E+02 -3.893E-03
   1   22   16    22     1    1.0443E+04 -1.9287E+00   1.0445E+04  0.000E+00  0.000E+00  0.000E+00  3.42560E+01  5.252E-01  5.000E+00  1.250E+02 -1.543E-02
   1   23   16    23     1    1.0445E+04 -3.1157E+00   1.0448E+04  0.000E+00  0.000E+00  0.000E+00  3.42433E+01  5.253E-01  5.000E+00  1.250E+02 -2.493E-02
   1   24   16    24     1    1.0448E+04 -3.6146E+00   1.0452E+04  0.000E+00  0.000E+00  0.000E+00  3.42305E+01  5.254E-01  5.000E+00  1.250E+02 -2.892E-02
   1   25   16    25     1    1.0452E+04 -3.5969E+00   1.0456E+04  0.000E+00  0.000E+00  0.000E+00  3.42178E+01  5.255E-01  5.000E+00  1.250E+02 -2.878E-02
   1   26   16    26     1    1.0456E+04 -3.2559E+00   1.0459E+04  0.000E+00  0.000E+00  0.000E+00  3.42051E+01  5.256E-01  5.000E+00  1.250E+02 -2.605E-02
   1   27   16    27     1    1.0459E+04 -2.7407E+00   1.0462E+04  0.000E+00  0.000E+00  0.000E+00  3.41924E+01  5.257E-01  5.000E+00  1.250E+02 -2.193E-02
   1   28   16    28     1    1.0462E+04 -2.1379E+00   1.0464E+04  0.000E+00  0.000E+00  0.000E+00  3.41796E+01  5.258E-01  5.000E+00  1.250E+02 -1.710E-02
   1   29   16    29     1    1.0464E+04 -1.4429E+00   1.0465E+04  0.000E+00  0.000E+00  0.000E+00  3.41669E+01  5.258E-01  5.000E+00  1.250E+02 -1.154E-02
   1   30   16    30     1    1.0465E+04 -6.0960E-01   1.0466E+04  0.000E+00  0.000E+00  0.000E+00  3.41541E+01  5.259E-01  5.000E+00  1.250E+02 -4.877E-03
   1   31   16    31     1    1.0466E+04  4.0958E-01   1.0465E+04  0.000E+00  0.000E+00  0.000E+00  3.41413E+01  5.259E-01  5.000E+00  1.250E+02  3.277E-03
   1   32   16    32     1    1.0465E+04  1.6436E+00   1.0464E+04  0.000E+00  0.000E+00  0.000E+00  3.41284E+01  5.258E-01  5.000E+00  1.250E+02  1.315E-02
   1   33   16    33     1    1.0464E+04  3.0768E+00   1.0461E+04  0.000E+00  0.000E+00  0.000E+00  3.41155E+01  5.258E-01  5.000E+00  1.250E+02  2.461E-02
   1   34   16    34     1    1.0461E+04  4.6126E+00   1.0456E+04  0.000E+00  0.000E+00  0.000E+00  3.41026E+01  5.257E-01  5.000E+00  1.250E+02  3.690E-02
   1   35   16    35     1    1.0456E+04  6.0295E+00   1.0450E+04  0.000E+00  0.000E+00  0.000E+00  3.40896E+01  5.255E-01  5.000E+00  1.250E+02  4.824E-02
   1   36   16    36     1    1.0450E+04  7.0674E+00   1.0443E+04  0.000E+00  0.000E+00  0.000E+00  3.40766E+01  5.253E-01  5.000E+00  1.250E+02  5.654E-02
   1   37   16    37     1    1.0443E+04  8.0153E+00   1.0435E+04  0.000E+00  0.000E+00  0.000E+00  3.40635E+01  5.251E-01  5.000E+00  1.250E+02  6.412E-02
   1   38   16    38     1    1.0435E+04  9.0799E+00   1.0426E+04  0.000E+00  0.000E+00  0.000E+00  3.40505E+01  5.248E-01  5.000E+00  1.250E+02  7.264E-02
   1   39   16    39     1    1.0426E+04  9.9772E+00   1.0416E+04  0.000E+00  0.000E+00  0.000E+00  3.40373E+01  5.245E-01  5.000E+00  1.250E+02  7.982E-02
   1   40   16    40     1    1.0416E+04  0.0000E+00   1.0416E+04  0.000E+00  0.000E+00  0.000E+00  3.40244E+01  5.244E-01  5.000E+00  0.000E+00  0.000E+00
